<?xml version="1.0" encoding="UTF-8"?>
<!-- Generated by org.testng.reporters.JUnitReportReporter -->
<testsuite hostname="DESKTOP-HS68FTR" failures="0" tests="1" name="SumValidation" time="3.319" errors="0" timestamp="2021-11-06T06:00:02 IST" skipped="0">
  <testcase classname="SumValidation" name="sumOfCourse" time="3.319"/>
  <system-out/>
</testsuite> <!-- SumValidation -->
