<?xml version="1.0" encoding="UTF-8"?>
<!-- Generated by org.testng.reporters.JUnitReportReporter -->
<testsuite hostname="DESKTOP-HS68FTR" failures="0" tests="4" name="files.DynamicJson" time="6.456" errors="0" timestamp="2021-11-06T18:44:03 IST" skipped="0">
  <testcase classname="files.DynamicJson" name="addBook" time="0.199"/>
  <system-out/>
  <testcase classname="files.DynamicJson" name="addBook" time="0.284"/>
  <system-out/>
  <testcase classname="files.DynamicJson" name="addBook" time="5.761"/>
  <system-out/>
  <testcase classname="files.DynamicJson" name="addBook" time="0.212"/>
  <system-out/>
</testsuite> <!-- files.DynamicJson -->
